{"level":"ERROR","location":"[get_call:146] fyersModel","message":{"API":"/history","Error":{"code":-300,"message":"Invalid symbol provided","s":"error"}},"timestamp":"2025-07-28 12:53:48,463+0530","service":"FyersAPI"}
{"level":"ERROR","location":"[get_call:146] fyersModel","message":{"API":"/history","Error":{"code":-300,"message":"Invalid symbol provided","s":"error"}},"timestamp":"2025-07-28 12:53:59,077+0530","service":"FyersAPI"}
{"level":"ERROR","location":"[get_call:146] fyersModel","message":{"API":"/history","Error":{"code":-300,"message":"Invalid symbol provided","s":"error"}},"timestamp":"2025-07-28 12:55:09,419+0530","service":"FyersAPI"}
{"level":"ERROR","location":"[get_call:146] fyersModel","message":{"API":"/history","Error":{"code":-300,"message":"Invalid symbol provided","s":"error"}},"timestamp":"2025-07-28 12:56:43,595+0530","service":"FyersAPI"}
{"level":"ERROR","location":"[get_call:146] fyersModel","message":{"API":"/history","Error":{"code":-300,"message":"Invalid symbol provided","s":"error"}},"timestamp":"2025-07-28 12:58:16,861+0530","service":"FyersAPI"}
{"level":"ERROR","location":"[get_call:146] fyersModel","message":{"API":"/history","Error":{"code":-300,"message":"Invalid symbol provided","s":"error"}},"timestamp":"2025-07-28 13:00:07,264+0530","service":"FyersAPI"}
{"level":"ERROR","location":"[get_call:146] fyersModel","message":{"API":"/history","Error":{"code":-300,"message":"Invalid symbol provided","s":"error"}},"timestamp":"2025-07-28 13:04:13,246+0530","service":"FyersAPI"}
{"level":"ERROR","location":"[get_call:164] fyersModel","message":{"API":"/history","error":"HTTPSConnectionPool(host='api-t1.fyers.in', port=443): Read timed out. (read timeout=None)"},"timestamp":"2025-07-28 13:08:51,949+0530","service":"FyersAPI"}
{"level":"ERROR","location":"[get_call:164] fyersModel","message":{"API":"/history","error":"HTTPSConnectionPool(host='api-t1.fyers.in', port=443): Read timed out. (read timeout=None)"},"timestamp":"2025-07-28 13:09:28,046+0530","service":"FyersAPI"}
{"level":"ERROR","location":"[get_call:146] fyersModel","message":{"API":"/history","Error":{"code":-300,"message":"Invalid symbol provided","s":"error"}},"timestamp":"2025-07-28 13:09:55,603+0530","service":"FyersAPI"}
{"level":"ERROR","location":"[get_call:164] fyersModel","message":{"API":"/history","error":"('Connection aborted.', ConnectionResetError(10054, 'An existing connection was forcibly closed by the remote host', None, 10054, None))"},"timestamp":"2025-07-28 13:15:52,422+0530","service":"FyersAPI"}
{"level":"ERROR","location":"[get_call:164] fyersModel","message":{"API":"/history","error":"('Connection aborted.', ConnectionResetError(10054, 'An existing connection was forcibly closed by the remote host', None, 10054, None))"},"timestamp":"2025-07-28 13:15:52,425+0530","service":"FyersAPI"}
{"level":"ERROR","location":"[get_call:164] fyersModel","message":{"API":"/history","error":"('Connection aborted.', ConnectionResetError(10054, 'An existing connection was forcibly closed by the remote host', None, 10054, None))"},"timestamp":"2025-07-28 13:15:52,426+0530","service":"FyersAPI"}
{"level":"ERROR","location":"[get_call:146] fyersModel","message":{"API":"/history","Error":{"code":-300,"message":"Invalid symbol provided","s":"error"}},"timestamp":"2025-07-28 13:17:53,490+0530","service":"FyersAPI"}
{"level":"ERROR","location":"[get_call:164] fyersModel","message":{"API":"/history","error":"HTTPSConnectionPool(host='api-t1.fyers.in', port=443): Read timed out. (read timeout=None)"},"timestamp":"2025-07-28 13:18:21,070+0530","service":"FyersAPI"}
{"level":"ERROR","location":"[get_call:164] fyersModel","message":{"API":"/history","error":"HTTPSConnectionPool(host='api-t1.fyers.in', port=443): Read timed out. (read timeout=None)"},"timestamp":"2025-07-28 13:18:21,071+0530","service":"FyersAPI"}
{"level":"ERROR","location":"[get_call:164] fyersModel","message":{"API":"/history","error":"HTTPSConnectionPool(host='api-t1.fyers.in', port=443): Read timed out. (read timeout=None)"},"timestamp":"2025-07-28 13:18:21,138+0530","service":"FyersAPI"}
{"level":"ERROR","location":"[get_call:146] fyersModel","message":{"API":"/history","Error":{"code":-300,"message":"Invalid symbol provided","s":"error"}},"timestamp":"2025-07-28 13:19:45,963+0530","service":"FyersAPI"}
{"level":"ERROR","location":"[get_call:146] fyersModel","message":{"API":"/history","Error":{"code":-300,"message":"Invalid symbol provided","s":"error"}},"timestamp":"2025-07-28 13:20:12,932+0530","service":"FyersAPI"}
{"level":"ERROR","location":"[get_call:164] fyersModel","message":{"API":"/history","error":"HTTPSConnectionPool(host='api-t1.fyers.in', port=443): Max retries exceeded with url: /data/history?symbol=NSE%3AARROWGREEN-BE&resolution=1D&date_format=1&range_from=2025-07-24&range_to=2025-07-28&cont_flag=1 (Caused by NameResolutionError(\"<urllib3.connection.HTTPSConnection object at 0x0000017401D00050>: Failed to resolve 'api-t1.fyers.in' ([Errno 11001] getaddrinfo failed)\"))"},"timestamp":"2025-07-28 17:11:03,548+0530","service":"FyersAPI"}
{"level":"ERROR","location":"[get_call:164] fyersModel","message":{"API":"/history","error":"HTTPSConnectionPool(host='api-t1.fyers.in', port=443): Max retries exceeded with url: /data/history?symbol=NSE%3AASIANHOTNR-BE&resolution=1D&date_format=1&range_from=2025-07-24&range_to=2025-07-28&cont_flag=1 (Caused by NameResolutionError(\"<urllib3.connection.HTTPSConnection object at 0x000001747EF2FB10>: Failed to resolve 'api-t1.fyers.in' ([Errno 11001] getaddrinfo failed)\"))"},"timestamp":"2025-07-28 17:11:04,348+0530","service":"FyersAPI"}
{"level":"ERROR","location":"[get_call:164] fyersModel","message":{"API":"/history","error":"HTTPSConnectionPool(host='api-t1.fyers.in', port=443): Max retries exceeded with url: /data/history?symbol=NSE%3ABHAGYANGR-EQ&resolution=1D&date_format=1&range_from=2025-07-16&range_to=2025-07-28&cont_flag=1 (Caused by NameResolutionError(\"<urllib3.connection.HTTPSConnection object at 0x000001747EF2FC50>: Failed to resolve 'api-t1.fyers.in' ([Errno 11001] getaddrinfo failed)\"))"},"timestamp":"2025-07-28 17:11:09,734+0530","service":"FyersAPI"}
{"level":"ERROR","location":"[get_call:146] fyersModel","message":{"API":"/history","Error":{"code":-300,"message":"Invalid symbol provided","s":"error"}},"timestamp":"2025-07-28 17:12:04,240+0530","service":"FyersAPI"}
{"level":"ERROR","location":"[get_call:146] fyersModel","message":{"API":"/history","Error":{"code":-300,"message":"Invalid symbol provided","s":"error"}},"timestamp":"2025-07-28 17:12:04,404+0530","service":"FyersAPI"}
{"level":"ERROR","location":"[get_call:146] fyersModel","message":{"API":"/history","Error":{"code":-300,"message":"Invalid symbol provided","s":"error"}},"timestamp":"2025-07-28 17:12:09,934+0530","service":"FyersAPI"}
{"level":"ERROR","location":"[get_call:146] fyersModel","message":{"API":"/history","Error":{"code":-300,"message":"Invalid symbol provided","s":"error"}},"timestamp":"2025-07-28 17:12:16,808+0530","service":"FyersAPI"}
{"level":"ERROR","location":"[get_call:146] fyersModel","message":{"API":"/history","Error":{"code":-300,"message":"Invalid symbol provided","s":"error"}},"timestamp":"2025-07-28 17:12:23,625+0530","service":"FyersAPI"}
{"level":"ERROR","location":"[get_call:146] fyersModel","message":{"API":"/history","Error":{"code":-300,"message":"Invalid symbol provided","s":"error"}},"timestamp":"2025-07-28 17:12:31,383+0530","service":"FyersAPI"}
{"level":"ERROR","location":"[get_call:146] fyersModel","message":{"API":"/history","Error":{"code":-300,"message":"Invalid symbol provided","s":"error"}},"timestamp":"2025-07-28 17:12:48,474+0530","service":"FyersAPI"}
{"level":"ERROR","location":"[get_call:146] fyersModel","message":{"API":"/history","Error":{"code":-300,"message":"Invalid symbol provided","s":"error"}},"timestamp":"2025-07-28 17:13:09,826+0530","service":"FyersAPI"}
{"level":"ERROR","location":"[get_call:146] fyersModel","message":{"API":"/history","Error":{"code":-300,"message":"Invalid symbol provided","s":"error"}},"timestamp":"2025-07-28 17:13:32,153+0530","service":"FyersAPI"}
{"level":"ERROR","location":"[get_call:146] fyersModel","message":{"API":"/history","Error":{"code":-300,"message":"Invalid symbol provided","s":"error"}},"timestamp":"2025-07-28 17:13:38,622+0530","service":"FyersAPI"}
{"level":"ERROR","location":"[get_call:146] fyersModel","message":{"API":"/history","Error":{"code":-300,"message":"Invalid symbol provided","s":"error"}},"timestamp":"2025-07-28 17:13:38,918+0530","service":"FyersAPI"}
{"level":"ERROR","location":"[get_call:146] fyersModel","message":{"API":"/history","Error":{"code":-300,"message":"Invalid symbol provided","s":"error"}},"timestamp":"2025-07-28 17:53:37,819+0530","service":"FyersAPI"}
{"level":"ERROR","location":"[get_call:146] fyersModel","message":{"API":"/history","Error":{"code":-300,"message":"Invalid symbol provided","s":"error"}},"timestamp":"2025-07-28 17:53:44,092+0530","service":"FyersAPI"}
{"level":"ERROR","location":"[get_call:146] fyersModel","message":{"API":"/history","Error":{"code":-300,"message":"Invalid symbol provided","s":"error"}},"timestamp":"2025-07-28 17:54:11,388+0530","service":"FyersAPI"}
{"level":"ERROR","location":"[get_call:146] fyersModel","message":{"API":"/history","Error":{"code":-300,"message":"Invalid symbol provided","s":"error"}},"timestamp":"2025-07-28 17:54:46,606+0530","service":"FyersAPI"}
{"level":"ERROR","location":"[get_call:146] fyersModel","message":{"API":"/history","Error":{"code":-300,"message":"Invalid symbol provided","s":"error"}},"timestamp":"2025-07-28 17:55:23,027+0530","service":"FyersAPI"}
{"level":"ERROR","location":"[get_call:146] fyersModel","message":{"API":"/history","Error":{"code":-300,"message":"Invalid symbol provided","s":"error"}},"timestamp":"2025-07-28 17:56:03,341+0530","service":"FyersAPI"}
{"level":"ERROR","location":"[get_call:146] fyersModel","message":{"API":"/history","Error":{"code":-300,"message":"Invalid symbol provided","s":"error"}},"timestamp":"2025-07-28 17:57:32,503+0530","service":"FyersAPI"}
{"level":"ERROR","location":"[get_call:146] fyersModel","message":{"API":"/history","Error":{"code":-300,"message":"Invalid symbol provided","s":"error"}},"timestamp":"2025-07-28 17:59:20,871+0530","service":"FyersAPI"}
{"level":"ERROR","location":"[get_call:146] fyersModel","message":{"API":"/history","Error":{"code":-300,"message":"Invalid symbol provided","s":"error"}},"timestamp":"2025-07-28 18:01:01,202+0530","service":"FyersAPI"}
{"level":"ERROR","location":"[get_call:146] fyersModel","message":{"API":"/history","Error":{"code":-300,"message":"Invalid symbol provided","s":"error"}},"timestamp":"2025-07-28 18:01:26,366+0530","service":"FyersAPI"}
{"level":"ERROR","location":"[get_call:146] fyersModel","message":{"API":"/history","Error":{"code":-300,"message":"Invalid symbol provided","s":"error"}},"timestamp":"2025-07-28 18:01:29,618+0530","service":"FyersAPI"}
